#! /usr/local/Cellar/icarus-verilog/11.0/bin/vvp
:ivl_version "11.0 (stable)";
:ivl_delay_selection "TYPICAL";
:vpi_time_precision + 0;
:vpi_module "/usr/local/Cellar/icarus-verilog/11.0/lib/ivl/system.vpi";
:vpi_module "/usr/local/Cellar/icarus-verilog/11.0/lib/ivl/vhdl_sys.vpi";
:vpi_module "/usr/local/Cellar/icarus-verilog/11.0/lib/ivl/vhdl_textio.vpi";
:vpi_module "/usr/local/Cellar/icarus-verilog/11.0/lib/ivl/v2005_math.vpi";
:vpi_module "/usr/local/Cellar/icarus-verilog/11.0/lib/ivl/va_math.vpi";
S_0x7f9546708b20 .scope module, "arbiter2_tb" "arbiter2_tb" 2 8;
 .timescale 0 0;
v0x600001cb5290_0 .net "Ga_ov", 0 0, L_0x6000005b36b0;  1 drivers
v0x600001cb5320_0 .net "Gb_ov", 0 0, L_0x6000005b3720;  1 drivers
v0x600001cb53b0_0 .var "clk", 0 0;
v0x600001cb5440_0 .net "out", 1 0, L_0x600001fb4140;  1 drivers
v0x600001cb54d0_0 .var "ra_tv", 0 0;
v0x600001cb5560_0 .var "rb_tv", 0 0;
v0x600001cb55f0_0 .var "reset", 0 0;
v0x600001cb5680_0 .var "results", 41 0;
v0x600001cb5710_0 .var "test", 41 0;
L_0x600001fb4140 .concat [ 1 1 0 0], L_0x6000005b3720, L_0x6000005b36b0;
S_0x7f95467043b0 .scope module, "UUT" "arbiter2" 2 22, 3 7 0, S_0x7f9546708b20;
 .timescale 0 0;
    .port_info 0 /INPUT 1 "clk";
    .port_info 1 /INPUT 1 "reset";
    .port_info 2 /INPUT 1 "ra";
    .port_info 3 /INPUT 1 "rb";
    .port_info 4 /OUTPUT 1 "Ga";
    .port_info 5 /OUTPUT 1 "Gb";
P_0x7f9546704520 .param/l "AH" 1 3 16, C4<010>;
P_0x7f9546704560 .param/l "AP" 1 3 15, C4<000>;
P_0x7f95467045a0 .param/l "AU" 1 3 17, C4<011>;
P_0x7f95467045e0 .param/l "BH" 1 3 19, C4<110>;
P_0x7f9546704620 .param/l "BP" 1 3 18, C4<100>;
P_0x7f9546704660 .param/l "BU" 1 3 20, C4<111>;
L_0x6000005b3640 .functor NOT 1, L_0x600001fb41e0, C4<0>, C4<0>, C4<0>;
L_0x6000005b36b0 .functor AND 1, L_0x6000005b3640, L_0x600001fb4280, C4<1>, C4<1>;
L_0x6000005b3720 .functor AND 1, L_0x600001fb4320, L_0x600001fb43c0, C4<1>, C4<1>;
v0x600001cb4900_0 .net "Ga", 0 0, L_0x6000005b36b0;  alias, 1 drivers
v0x600001cb4990_0 .net "Gb", 0 0, L_0x6000005b3720;  alias, 1 drivers
v0x600001cb4a20_0 .net *"_ivl_1", 0 0, L_0x600001fb41e0;  1 drivers
v0x600001cb4ab0_0 .net *"_ivl_11", 0 0, L_0x600001fb43c0;  1 drivers
v0x600001cb4b40_0 .net *"_ivl_2", 0 0, L_0x6000005b3640;  1 drivers
v0x600001cb4bd0_0 .net *"_ivl_5", 0 0, L_0x600001fb4280;  1 drivers
v0x600001cb4c60_0 .net *"_ivl_9", 0 0, L_0x600001fb4320;  1 drivers
v0x600001cb4cf0_0 .net "clk", 0 0, v0x600001cb53b0_0;  1 drivers
v0x600001cb4d80_0 .var "next_state", 2 0;
v0x600001cb4e10_0 .net "ra", 0 0, v0x600001cb54d0_0;  1 drivers
v0x600001cb4ea0_0 .net "rb", 0 0, v0x600001cb5560_0;  1 drivers
v0x600001cb4f30_0 .net "reset", 0 0, v0x600001cb55f0_0;  1 drivers
v0x600001cb4fc0_0 .var "state", 2 0;
E_0x6000020b8240 .event edge, v0x600001cb4fc0_0, v0x600001cb4e10_0, v0x600001cb4ea0_0;
E_0x6000020b8420 .event posedge, v0x600001cb4cf0_0;
L_0x600001fb41e0 .part v0x600001cb4fc0_0, 2, 1;
L_0x600001fb4280 .part v0x600001cb4fc0_0, 1, 1;
L_0x600001fb4320 .part v0x600001cb4fc0_0, 2, 1;
L_0x600001fb43c0 .part v0x600001cb4fc0_0, 1, 1;
S_0x7f9546705ac0 .scope begin, "maintestbench" "maintestbench" 2 45, 2 45 0, S_0x7f9546708b20;
 .timescale 0 0;
v0x600001cb5050_0 .var/i "i", 31 0;
v0x600001cb50e0_0 .var/i "io", 31 0;
v0x600001cb5170_0 .var/i "ra_val", 31 0;
v0x600001cb5200_0 .var/i "rb_val", 31 0;
    .scope S_0x7f95467043b0;
T_0 ;
    %wait E_0x6000020b8420;
    %load/vec4 v0x600001cb4f30_0;
    %cmpi/e 1, 0, 1;
    %jmp/0xz  T_0.0, 4;
    %pushi/vec4 0, 0, 3;
    %assign/vec4 v0x600001cb4fc0_0, 0;
    %jmp T_0.1;
T_0.0 ;
    %load/vec4 v0x600001cb4d80_0;
    %assign/vec4 v0x600001cb4fc0_0, 0;
T_0.1 ;
    %jmp T_0;
    .thread T_0;
    .scope S_0x7f95467043b0;
T_1 ;
    %wait E_0x6000020b8240;
    %load/vec4 v0x600001cb4fc0_0;
    %dup/vec4;
    %pushi/vec4 0, 0, 3;
    %cmp/u;
    %jmp/1 T_1.0, 6;
    %dup/vec4;
    %pushi/vec4 2, 0, 3;
    %cmp/u;
    %jmp/1 T_1.1, 6;
    %dup/vec4;
    %pushi/vec4 3, 0, 3;
    %cmp/u;
    %jmp/1 T_1.2, 6;
    %dup/vec4;
    %pushi/vec4 4, 0, 3;
    %cmp/u;
    %jmp/1 T_1.3, 6;
    %dup/vec4;
    %pushi/vec4 6, 0, 3;
    %cmp/u;
    %jmp/1 T_1.4, 6;
    %dup/vec4;
    %pushi/vec4 7, 0, 3;
    %cmp/u;
    %jmp/1 T_1.5, 6;
    %pushi/vec4 7, 7, 3;
    %store/vec4 v0x600001cb4d80_0, 0, 3;
    %jmp T_1.7;
T_1.0 ;
    %load/vec4 v0x600001cb4e10_0;
    %flag_set/vec4 8;
    %jmp/0xz  T_1.8, 8;
    %pushi/vec4 2, 0, 3;
    %store/vec4 v0x600001cb4d80_0, 0, 3;
    %jmp T_1.9;
T_1.8 ;
    %load/vec4 v0x600001cb4ea0_0;
    %flag_set/vec4 8;
    %jmp/0xz  T_1.10, 8;
    %pushi/vec4 7, 0, 3;
    %store/vec4 v0x600001cb4d80_0, 0, 3;
    %jmp T_1.11;
T_1.10 ;
    %pushi/vec4 0, 0, 3;
    %store/vec4 v0x600001cb4d80_0, 0, 3;
T_1.11 ;
T_1.9 ;
    %jmp T_1.7;
T_1.1 ;
    %load/vec4 v0x600001cb4e10_0;
    %flag_set/vec4 8;
    %jmp/0xz  T_1.12, 8;
    %pushi/vec4 2, 0, 3;
    %store/vec4 v0x600001cb4d80_0, 0, 3;
    %jmp T_1.13;
T_1.12 ;
    %load/vec4 v0x600001cb4ea0_0;
    %flag_set/vec4 8;
    %jmp/0xz  T_1.14, 8;
    %pushi/vec4 7, 0, 3;
    %store/vec4 v0x600001cb4d80_0, 0, 3;
    %jmp T_1.15;
T_1.14 ;
    %pushi/vec4 4, 0, 3;
    %store/vec4 v0x600001cb4d80_0, 0, 3;
T_1.15 ;
T_1.13 ;
    %jmp T_1.7;
T_1.2 ;
    %load/vec4 v0x600001cb4ea0_0;
    %flag_set/vec4 8;
    %jmp/0xz  T_1.16, 8;
    %pushi/vec4 6, 0, 3;
    %store/vec4 v0x600001cb4d80_0, 0, 3;
    %jmp T_1.17;
T_1.16 ;
    %load/vec4 v0x600001cb4e10_0;
    %flag_set/vec4 8;
    %jmp/0xz  T_1.18, 8;
    %pushi/vec4 3, 0, 3;
    %store/vec4 v0x600001cb4d80_0, 0, 3;
    %jmp T_1.19;
T_1.18 ;
    %pushi/vec4 4, 0, 3;
    %store/vec4 v0x600001cb4d80_0, 0, 3;
T_1.19 ;
T_1.17 ;
    %jmp T_1.7;
T_1.3 ;
    %load/vec4 v0x600001cb4ea0_0;
    %flag_set/vec4 8;
    %jmp/0xz  T_1.20, 8;
    %pushi/vec4 6, 0, 3;
    %store/vec4 v0x600001cb4d80_0, 0, 3;
    %jmp T_1.21;
T_1.20 ;
    %load/vec4 v0x600001cb4e10_0;
    %flag_set/vec4 8;
    %jmp/0xz  T_1.22, 8;
    %pushi/vec4 3, 0, 3;
    %store/vec4 v0x600001cb4d80_0, 0, 3;
    %jmp T_1.23;
T_1.22 ;
    %pushi/vec4 4, 0, 3;
    %store/vec4 v0x600001cb4d80_0, 0, 3;
T_1.23 ;
T_1.21 ;
    %jmp T_1.7;
T_1.4 ;
    %load/vec4 v0x600001cb4ea0_0;
    %flag_set/vec4 8;
    %jmp/0xz  T_1.24, 8;
    %pushi/vec4 6, 0, 3;
    %store/vec4 v0x600001cb4d80_0, 0, 3;
    %jmp T_1.25;
T_1.24 ;
    %load/vec4 v0x600001cb4e10_0;
    %flag_set/vec4 8;
    %jmp/0xz  T_1.26, 8;
    %pushi/vec4 3, 0, 3;
    %store/vec4 v0x600001cb4d80_0, 0, 3;
    %jmp T_1.27;
T_1.26 ;
    %pushi/vec4 0, 0, 3;
    %store/vec4 v0x600001cb4d80_0, 0, 3;
T_1.27 ;
T_1.25 ;
    %jmp T_1.7;
T_1.5 ;
    %load/vec4 v0x600001cb4e10_0;
    %flag_set/vec4 8;
    %jmp/0xz  T_1.28, 8;
    %pushi/vec4 2, 0, 3;
    %store/vec4 v0x600001cb4d80_0, 0, 3;
    %jmp T_1.29;
T_1.28 ;
    %load/vec4 v0x600001cb4ea0_0;
    %flag_set/vec4 8;
    %jmp/0xz  T_1.30, 8;
    %pushi/vec4 7, 0, 3;
    %store/vec4 v0x600001cb4d80_0, 0, 3;
    %jmp T_1.31;
T_1.30 ;
    %pushi/vec4 0, 0, 3;
    %store/vec4 v0x600001cb4d80_0, 0, 3;
T_1.31 ;
T_1.29 ;
    %jmp T_1.7;
T_1.7 ;
    %pop/vec4 1;
    %jmp T_1;
    .thread T_1, $push;
    .scope S_0x7f9546708b20;
T_2 ;
    %vpi_call 2 32 "$timeformat", 32'sb11111111111111111111111111110111, 32'sb00000000000000000000000000000010, " ns", 32'sb00000000000000000000000000010100 {0 0 0};
    %end;
    .thread T_2;
    .scope S_0x7f9546708b20;
T_3 ;
    %pushi/vec4 0, 0, 1;
    %store/vec4 v0x600001cb53b0_0, 0, 1;
    %pushi/vec4 3200343590, 0, 35;
    %concati/vec4 35, 0, 7;
    %store/vec4 v0x600001cb5710_0, 0, 42;
    %pushi/vec4 3032566308, 0, 35;
    %concati/vec4 33, 0, 7;
    %store/vec4 v0x600001cb5680_0, 0, 42;
    %end;
    .thread T_3;
    .scope S_0x7f9546708b20;
T_4 ;
    %delay 5, 0;
    %load/vec4 v0x600001cb53b0_0;
    %inv;
    %store/vec4 v0x600001cb53b0_0, 0, 1;
    %jmp T_4;
    .thread T_4;
    .scope S_0x7f9546708b20;
T_5 ;
    %fork t_1, S_0x7f9546705ac0;
    %jmp t_0;
    .scope S_0x7f9546705ac0;
t_1 ;
    %pushi/vec4 0, 0, 32;
    %store/vec4 v0x600001cb5170_0, 0, 32;
    %pushi/vec4 0, 0, 32;
    %store/vec4 v0x600001cb5200_0, 0, 32;
    %vpi_call 2 49 "$display", "Daniel Browne EECE573" {0 0 0};
    %vpi_call 2 50 "$display", "Testing all state transitions." {0 0 0};
    %pushi/vec4 1, 0, 1;
    %store/vec4 v0x600001cb55f0_0, 0, 1;
    %vpi_call 2 52 "$display", "Time: %3d, Reset: %1d, Input: %2b, State: %1d, Next State: %1d, Output: %2b", $time, v0x600001cb55f0_0, &PV<v0x600001cb50e0_0, 2, 2>, v0x600001cb4fc0_0, v0x600001cb4d80_0, v0x600001cb5440_0 {0 0 0};
    %delay 6, 0;
    %pushi/vec4 0, 0, 1;
    %store/vec4 v0x600001cb55f0_0, 0, 1;
    %vpi_call 2 55 "$display", "Time: %3d, Reset: %1d, Input: %2b, State: %1d, Next State: %1d, Output: %2b", $time, v0x600001cb55f0_0, &PV<v0x600001cb50e0_0, 2, 2>, v0x600001cb4fc0_0, v0x600001cb4d80_0, v0x600001cb5440_0 {0 0 0};
    %pushi/vec4 1, 0, 32;
    %store/vec4 v0x600001cb5050_0, 0, 32;
T_5.0 ;
    %load/vec4 v0x600001cb5050_0;
    %cmpi/s 21, 0, 32;
    %flag_or 5, 4;
    %jmp/0xz T_5.1, 5;
    %load/vec4 v0x600001cb5050_0;
    %parti/s 6, 0, 2;
    %dup/vec4;
    %pushi/vec4 1, 0, 6;
    %cmp/u;
    %jmp/1 T_5.2, 6;
    %dup/vec4;
    %pushi/vec4 2, 0, 6;
    %cmp/u;
    %jmp/1 T_5.3, 6;
    %dup/vec4;
    %pushi/vec4 3, 0, 6;
    %cmp/u;
    %jmp/1 T_5.4, 6;
    %dup/vec4;
    %pushi/vec4 4, 0, 6;
    %cmp/u;
    %jmp/1 T_5.5, 6;
    %dup/vec4;
    %pushi/vec4 5, 0, 6;
    %cmp/u;
    %jmp/1 T_5.6, 6;
    %dup/vec4;
    %pushi/vec4 6, 0, 6;
    %cmp/u;
    %jmp/1 T_5.7, 6;
    %dup/vec4;
    %pushi/vec4 7, 0, 6;
    %cmp/u;
    %jmp/1 T_5.8, 6;
    %dup/vec4;
    %pushi/vec4 8, 0, 6;
    %cmp/u;
    %jmp/1 T_5.9, 6;
    %dup/vec4;
    %pushi/vec4 9, 0, 6;
    %cmp/u;
    %jmp/1 T_5.10, 6;
    %dup/vec4;
    %pushi/vec4 10, 0, 6;
    %cmp/u;
    %jmp/1 T_5.11, 6;
    %dup/vec4;
    %pushi/vec4 11, 0, 6;
    %cmp/u;
    %jmp/1 T_5.12, 6;
    %dup/vec4;
    %pushi/vec4 12, 0, 6;
    %cmp/u;
    %jmp/1 T_5.13, 6;
    %dup/vec4;
    %pushi/vec4 13, 0, 6;
    %cmp/u;
    %jmp/1 T_5.14, 6;
    %dup/vec4;
    %pushi/vec4 14, 0, 6;
    %cmp/u;
    %jmp/1 T_5.15, 6;
    %dup/vec4;
    %pushi/vec4 15, 0, 6;
    %cmp/u;
    %jmp/1 T_5.16, 6;
    %dup/vec4;
    %pushi/vec4 16, 0, 6;
    %cmp/u;
    %jmp/1 T_5.17, 6;
    %dup/vec4;
    %pushi/vec4 17, 0, 6;
    %cmp/u;
    %jmp/1 T_5.18, 6;
    %dup/vec4;
    %pushi/vec4 18, 0, 6;
    %cmp/u;
    %jmp/1 T_5.19, 6;
    %dup/vec4;
    %pushi/vec4 19, 0, 6;
    %cmp/u;
    %jmp/1 T_5.20, 6;
    %dup/vec4;
    %pushi/vec4 20, 0, 6;
    %cmp/u;
    %jmp/1 T_5.21, 6;
    %load/vec4 v0x600001cb5710_0;
    %parti/s 2, 0, 2;
    %load/vec4 v0x600001cb5680_0;
    %parti/s 2, 0, 2;
    %concat/vec4; draw_concat_vec4
    %pad/u 32;
    %store/vec4 v0x600001cb50e0_0, 0, 32;
    %jmp T_5.23;
T_5.2 ;
    %load/vec4 v0x600001cb5710_0;
    %parti/s 2, 40, 7;
    %load/vec4 v0x600001cb5680_0;
    %parti/s 2, 40, 7;
    %concat/vec4; draw_concat_vec4
    %pad/u 32;
    %store/vec4 v0x600001cb50e0_0, 0, 32;
    %jmp T_5.23;
T_5.3 ;
    %load/vec4 v0x600001cb5710_0;
    %parti/s 2, 38, 7;
    %load/vec4 v0x600001cb5680_0;
    %parti/s 2, 38, 7;
    %concat/vec4; draw_concat_vec4
    %pad/u 32;
    %store/vec4 v0x600001cb50e0_0, 0, 32;
    %jmp T_5.23;
T_5.4 ;
    %load/vec4 v0x600001cb5710_0;
    %parti/s 2, 36, 7;
    %load/vec4 v0x600001cb5680_0;
    %parti/s 2, 36, 7;
    %concat/vec4; draw_concat_vec4
    %pad/u 32;
    %store/vec4 v0x600001cb50e0_0, 0, 32;
    %jmp T_5.23;
T_5.5 ;
    %load/vec4 v0x600001cb5710_0;
    %parti/s 2, 34, 7;
    %load/vec4 v0x600001cb5680_0;
    %parti/s 2, 34, 7;
    %concat/vec4; draw_concat_vec4
    %pad/u 32;
    %store/vec4 v0x600001cb50e0_0, 0, 32;
    %jmp T_5.23;
T_5.6 ;
    %load/vec4 v0x600001cb5710_0;
    %parti/s 2, 32, 7;
    %load/vec4 v0x600001cb5680_0;
    %parti/s 2, 32, 7;
    %concat/vec4; draw_concat_vec4
    %pad/u 32;
    %store/vec4 v0x600001cb50e0_0, 0, 32;
    %jmp T_5.23;
T_5.7 ;
    %load/vec4 v0x600001cb5710_0;
    %parti/s 2, 30, 6;
    %load/vec4 v0x600001cb5680_0;
    %parti/s 2, 30, 6;
    %concat/vec4; draw_concat_vec4
    %pad/u 32;
    %store/vec4 v0x600001cb50e0_0, 0, 32;
    %jmp T_5.23;
T_5.8 ;
    %load/vec4 v0x600001cb5710_0;
    %parti/s 2, 28, 6;
    %load/vec4 v0x600001cb5680_0;
    %parti/s 2, 28, 6;
    %concat/vec4; draw_concat_vec4
    %pad/u 32;
    %store/vec4 v0x600001cb50e0_0, 0, 32;
    %jmp T_5.23;
T_5.9 ;
    %load/vec4 v0x600001cb5710_0;
    %parti/s 2, 26, 6;
    %load/vec4 v0x600001cb5680_0;
    %parti/s 2, 26, 6;
    %concat/vec4; draw_concat_vec4
    %pad/u 32;
    %store/vec4 v0x600001cb50e0_0, 0, 32;
    %jmp T_5.23;
T_5.10 ;
    %load/vec4 v0x600001cb5710_0;
    %parti/s 2, 24, 6;
    %load/vec4 v0x600001cb5680_0;
    %parti/s 2, 24, 6;
    %concat/vec4; draw_concat_vec4
    %pad/u 32;
    %store/vec4 v0x600001cb50e0_0, 0, 32;
    %jmp T_5.23;
T_5.11 ;
    %load/vec4 v0x600001cb5710_0;
    %parti/s 2, 22, 6;
    %load/vec4 v0x600001cb5680_0;
    %parti/s 2, 22, 6;
    %concat/vec4; draw_concat_vec4
    %pad/u 32;
    %store/vec4 v0x600001cb50e0_0, 0, 32;
    %jmp T_5.23;
T_5.12 ;
    %load/vec4 v0x600001cb5710_0;
    %parti/s 2, 20, 6;
    %load/vec4 v0x600001cb5680_0;
    %parti/s 2, 20, 6;
    %concat/vec4; draw_concat_vec4
    %pad/u 32;
    %store/vec4 v0x600001cb50e0_0, 0, 32;
    %jmp T_5.23;
T_5.13 ;
    %load/vec4 v0x600001cb5710_0;
    %parti/s 2, 18, 6;
    %load/vec4 v0x600001cb5680_0;
    %parti/s 2, 18, 6;
    %concat/vec4; draw_concat_vec4
    %pad/u 32;
    %store/vec4 v0x600001cb50e0_0, 0, 32;
    %jmp T_5.23;
T_5.14 ;
    %load/vec4 v0x600001cb5710_0;
    %parti/s 2, 16, 6;
    %load/vec4 v0x600001cb5680_0;
    %parti/s 2, 16, 6;
    %concat/vec4; draw_concat_vec4
    %pad/u 32;
    %store/vec4 v0x600001cb50e0_0, 0, 32;
    %jmp T_5.23;
T_5.15 ;
    %load/vec4 v0x600001cb5710_0;
    %parti/s 2, 14, 5;
    %load/vec4 v0x600001cb5680_0;
    %parti/s 2, 14, 5;
    %concat/vec4; draw_concat_vec4
    %pad/u 32;
    %store/vec4 v0x600001cb50e0_0, 0, 32;
    %jmp T_5.23;
T_5.16 ;
    %load/vec4 v0x600001cb5710_0;
    %parti/s 2, 12, 5;
    %load/vec4 v0x600001cb5680_0;
    %parti/s 2, 12, 5;
    %concat/vec4; draw_concat_vec4
    %pad/u 32;
    %store/vec4 v0x600001cb50e0_0, 0, 32;
    %jmp T_5.23;
T_5.17 ;
    %load/vec4 v0x600001cb5710_0;
    %parti/s 2, 10, 5;
    %load/vec4 v0x600001cb5680_0;
    %parti/s 2, 10, 5;
    %concat/vec4; draw_concat_vec4
    %pad/u 32;
    %store/vec4 v0x600001cb50e0_0, 0, 32;
    %jmp T_5.23;
T_5.18 ;
    %load/vec4 v0x600001cb5710_0;
    %parti/s 2, 8, 5;
    %load/vec4 v0x600001cb5680_0;
    %parti/s 2, 8, 5;
    %concat/vec4; draw_concat_vec4
    %pad/u 32;
    %store/vec4 v0x600001cb50e0_0, 0, 32;
    %jmp T_5.23;
T_5.19 ;
    %load/vec4 v0x600001cb5710_0;
    %parti/s 2, 6, 4;
    %load/vec4 v0x600001cb5680_0;
    %parti/s 2, 6, 4;
    %concat/vec4; draw_concat_vec4
    %pad/u 32;
    %store/vec4 v0x600001cb50e0_0, 0, 32;
    %jmp T_5.23;
T_5.20 ;
    %load/vec4 v0x600001cb5710_0;
    %parti/s 2, 4, 4;
    %load/vec4 v0x600001cb5680_0;
    %parti/s 2, 4, 4;
    %concat/vec4; draw_concat_vec4
    %pad/u 32;
    %store/vec4 v0x600001cb50e0_0, 0, 32;
    %jmp T_5.23;
T_5.21 ;
    %load/vec4 v0x600001cb5710_0;
    %parti/s 2, 2, 3;
    %load/vec4 v0x600001cb5680_0;
    %parti/s 2, 2, 3;
    %concat/vec4; draw_concat_vec4
    %pad/u 32;
    %store/vec4 v0x600001cb50e0_0, 0, 32;
    %jmp T_5.23;
T_5.23 ;
    %pop/vec4 1;
    %load/vec4 v0x600001cb50e0_0;
    %parti/s 1, 3, 3;
    %store/vec4 v0x600001cb54d0_0, 0, 1;
    %load/vec4 v0x600001cb50e0_0;
    %parti/s 1, 2, 3;
    %store/vec4 v0x600001cb5560_0, 0, 1;
    %delay 5, 0;
    %vpi_call 2 84 "$display", "Time: %3d, Reset: %1d, Input: %2b, State: %1d, Next State: %1d, Output: %2b", $time, v0x600001cb55f0_0, &PV<v0x600001cb50e0_0, 2, 2>, v0x600001cb4fc0_0, v0x600001cb4d80_0, v0x600001cb5440_0 {0 0 0};
    %delay 5, 0;
    %load/vec4 v0x600001cb5440_0;
    %parti/s 1, 0, 2;
    %cmpi/e 1, 1, 1;
    %flag_mov 8, 6;
    %load/vec4 v0x600001cb5440_0;
    %parti/s 1, 1, 2;
    %cmpi/e 1, 1, 1;
    %flag_or 6, 8;
    %jmp/0xz  T_5.24, 6;
    %vpi_call 2 87 "$display", "fail: Output undefined." {0 0 0};
    %vpi_call 2 88 "$finish" {0 0 0};
T_5.24 ;
    %load/vec4 v0x600001cb50e0_0;
    %parti/s 2, 0, 2;
    %load/vec4 v0x600001cb5290_0;
    %load/vec4 v0x600001cb5320_0;
    %concat/vec4; draw_concat_vec4
    %cmp/ne;
    %jmp/0xz  T_5.26, 6;
    %vpi_call 2 91 "$display", "fail: Incorrect output detected. Expected: %2b, Actual %2b", &PV<v0x600001cb50e0_0, 0, 2>, v0x600001cb5440_0 {0 0 0};
    %vpi_call 2 92 "$finish" {0 0 0};
T_5.26 ;
    %load/vec4 v0x600001cb5050_0;
    %addi 1, 0, 32;
    %store/vec4 v0x600001cb5050_0, 0, 32;
    %jmp T_5.0;
T_5.1 ;
    %vpi_call 2 96 "$display", "Testing Reset" {0 0 0};
    %pushi/vec4 1, 0, 1;
    %store/vec4 v0x600001cb54d0_0, 0, 1;
    %pushi/vec4 1, 0, 1;
    %store/vec4 v0x600001cb5560_0, 0, 1;
    %delay 5, 0;
    %pushi/vec4 1, 0, 1;
    %store/vec4 v0x600001cb55f0_0, 0, 1;
    %vpi_call 2 102 "$display", "Time: %3d, Reset: %1d, Input: %2b, State: %1d, Next State: %1d, Output: %2b", $time, v0x600001cb55f0_0, 2'b11, v0x600001cb4fc0_0, v0x600001cb4d80_0, v0x600001cb5440_0 {0 0 0};
    %delay 5, 0;
    %pushi/vec4 0, 0, 1;
    %store/vec4 v0x600001cb55f0_0, 0, 1;
    %vpi_call 2 105 "$display", "Time: %3d, Reset: %1d, Input: %2b, State: %1d, Next State: %1d, Output: %2b", $time, v0x600001cb55f0_0, 2'b11, v0x600001cb4fc0_0, v0x600001cb4d80_0, v0x600001cb5440_0 {0 0 0};
    %load/vec4 v0x600001cb5440_0;
    %cmpi/ne 0, 0, 2;
    %jmp/0xz  T_5.28, 6;
    %vpi_call 2 107 "$display", "fail: Synchronous reset appears to fail." {0 0 0};
    %vpi_call 2 108 "$finish" {0 0 0};
T_5.28 ;
    %delay 5, 0;
    %pushi/vec4 0, 0, 1;
    %store/vec4 v0x600001cb54d0_0, 0, 1;
    %pushi/vec4 1, 0, 1;
    %store/vec4 v0x600001cb5560_0, 0, 1;
    %delay 5, 0;
    %vpi_call 2 114 "$display", "Time: %3d, Reset: %1d, Input: %2b, State: %1d, Next State: %1d, Output: %2b", $time, v0x600001cb55f0_0, 2'b01, v0x600001cb4fc0_0, v0x600001cb4d80_0, v0x600001cb5440_0 {0 0 0};
    %delay 5, 0;
    %pushi/vec4 1, 0, 1;
    %store/vec4 v0x600001cb54d0_0, 0, 1;
    %pushi/vec4 0, 0, 1;
    %store/vec4 v0x600001cb5560_0, 0, 1;
    %delay 10, 0;
    %vpi_call 2 119 "$display", "Time: %3d, Reset: %1d, Input: %2b, State: %1d, Next State: %1d, Output: %2b", $time, v0x600001cb55f0_0, 2'b10, v0x600001cb4fc0_0, v0x600001cb4d80_0, v0x600001cb5440_0 {0 0 0};
    %delay 1, 0;
    %pushi/vec4 1, 0, 1;
    %store/vec4 v0x600001cb55f0_0, 0, 1;
    %vpi_call 2 122 "$display", "Time: %3d, Reset: %1d, Input: %2b, State: %1d, Next State: %1d, Output: %2b", $time, v0x600001cb55f0_0, 2'b10, v0x600001cb4fc0_0, v0x600001cb4d80_0, v0x600001cb5440_0 {0 0 0};
    %delay 1, 0;
    %pushi/vec4 0, 0, 1;
    %store/vec4 v0x600001cb55f0_0, 0, 1;
    %vpi_call 2 125 "$display", "Time: %3d, Reset: %1d, Input: %2b, State: %1d, Next State: %1d, Output: %2b", $time, v0x600001cb55f0_0, 2'b10, v0x600001cb4fc0_0, v0x600001cb4d80_0, v0x600001cb5440_0 {0 0 0};
    %load/vec4 v0x600001cb5440_0;
    %cmpi/e 0, 0, 2;
    %jmp/0xz  T_5.30, 6;
    %vpi_call 2 127 "$display", "fail: Circuit resets asynchronously." {0 0 0};
    %vpi_call 2 128 "$finish" {0 0 0};
T_5.30 ;
    %vpi_call 2 131 "$display", "pass" {0 0 0};
    %vpi_call 2 132 "$finish" {0 0 0};
    %end;
    .scope S_0x7f9546708b20;
t_0 %join;
    %end;
    .thread T_5;
# The file index is used to find the file name in the following table.
:file_names 4;
    "N/A";
    "<interactive>";
    "arbiter2_tb.v";
    "arbiter2.v";
